#
# There is insufficient memory for the Java Runtime Environment to continue.
# Native memory allocation (malloc) failed to allocate 1094592 bytes for Chunk::new
# Possible reasons:
#   The system is out of physical RAM or swap space
#   In 32 bit mode, the process size limit was hit
# Possible solutions:
#   Reduce memory load on the system
#   Increase physical memory or swap space
#   Check if swap backing store is full
#   Use 64 bit Java on a 64 bit OS
#   Decrease Java heap size (-Xmx/-Xms)
#   Decrease number of Java threads
#   Decrease Java thread stack sizes (-Xss)
#   Set larger code cache with -XX:ReservedCodeCacheSize=
# This output file may be truncated or incomplete.
#
#  Out of Memory Error (allocation.cpp:390), pid=12120, tid=0x0000000000002188
#
# JRE version: Java(TM) SE Runtime Environment (8.0_181-b13) (build 1.8.0_181-b13)
# Java VM: Java HotSpot(TM) 64-Bit Server VM (25.181-b13 mixed mode windows-amd64 compressed oops)
# Failed to write core dump. Minidumps are not enabled by default on client versions of Windows
#

---------------  T H R E A D  ---------------

Current thread (0x000000001df9e800):  JavaThread "C2 CompilerThread1" daemon [_thread_in_native, id=8584, stack(0x000000001f6c0000,0x000000001f7c0000)]

Stack: [0x000000001f6c0000,0x000000001f7c0000]
[error occurred during error reporting (printing stack bounds), id 0xc0000005]

Native frames: (J=compiled Java code, j=interpreted, Vv=VM code, C=native code)


Current CompileTask:
C2:   3037 3250       4       org.springframework.core.annotation.AnnotationsScanner::getBaseTypeMethods (145 bytes)


---------------  P R O C E S S  ---------------

Java Threads: ( => current thread )
  0x0000000025f18800 JavaThread "mysql-cj-abandoned-connection-cleanup" daemon [_thread_blocked, id=24136, stack(0x0000000022bd0000,0x0000000022cd0000)]
  0x000000001e079800 JavaThread "Service Thread" daemon [_thread_blocked, id=16488, stack(0x000000001f9c0000,0x000000001fac0000)]
  0x000000001dfaa000 JavaThread "C1 CompilerThread3" daemon [_thread_blocked, id=16376, stack(0x000000001f8c0000,0x000000001f9c0000)]
  0x000000001df9f000 JavaThread "C2 CompilerThread2" daemon [_thread_in_native, id=21712, stack(0x000000001f7c0000,0x000000001f8c0000)]
=>0x000000001df9e800 JavaThread "C2 CompilerThread1" daemon [_thread_in_native, id=8584, stack(0x000000001f6c0000,0x000000001f7c0000)]
  0x000000001df9b800 JavaThread "C2 CompilerThread0" daemon [_thread_in_native, id=25492, stack(0x000000001f5c0000,0x000000001f6c0000)]
  0x000000001df97800 JavaThread "Monitor Ctrl-Break" daemon [_thread_in_native, id=22512, stack(0x000000001f4c0000,0x000000001f5c0000)]
  0x000000001df3d000 JavaThread "Attach Listener" daemon [_thread_blocked, id=7116, stack(0x000000001f3b0000,0x000000001f4b0000)]
  0x000000001dee7000 JavaThread "Signal Dispatcher" daemon [_thread_blocked, id=21024, stack(0x000000001f2b0000,0x000000001f3b0000)]
  0x000000001c7f9000 JavaThread "Finalizer" daemon [_thread_blocked, id=22060, stack(0x000000001f140000,0x000000001f240000)]
  0x000000001c7ee800 JavaThread "Reference Handler" daemon [_thread_blocked, id=11364, stack(0x000000001f040000,0x000000001f140000)]
  0x0000000002b47000 JavaThread "main" [_thread_in_vm, id=17920, stack(0x0000000002860000,0x0000000002960000)]

Other Threads:
  0x0000000002c3d800 VMThread [stack: 0x000000001ef40000,0x000000001f040000] [id=11968]
  0x000000001e0b8000 WatcherThread [stack: 0x000000001fac0000,0x000000001fbc0000] [id=12020]

VM state:not at safepoint (normal execution)

VM Mutex/Monitor currently owned by a thread: None

Heap:
 PSYoungGen      total 126976K, used 30356K [0x000000076b780000, 0x0000000774880000, 0x00000007c0000000)
  eden space 119296K, 25% used [0x000000076b780000,0x000000076d525318,0x0000000772c00000)
  from space 7680K, 0% used [0x0000000774100000,0x0000000774100000,0x0000000774880000)
  to   space 10752K, 0% used [0x0000000773380000,0x0000000773380000,0x0000000773e00000)
 ParOldGen       total 126464K, used 16890K [0x00000006c2600000, 0x00000006ca180000, 0x000000076b780000)
  object space 126464K, 13% used [0x00000006c2600000,0x00000006c367ea60,0x00000006ca180000)
 Metaspace       used 34360K, capacity 37364K, committed 37504K, reserved 1081344K
  class space    used 4691K, capacity 5231K, committed 5248K, reserved 1048576K

Card table byte_map: [0x0000000012000000,0x00000000127f0000] byte_map_base: 0x000000000e9ed000

Marking Bits: (ParMarkBitMap*) 0x000000006a6b2d00
 Begin Bits: [0x0000000013740000, 0x00000000176a8000)
 End Bits:   [0x00000000176a8000, 0x000000001b610000)

Polling page: 0x0000000000b30000

CodeCache: size=245760Kb used=13338Kb max_used=13338Kb free=232421Kb
 bounds [0x0000000002c40000, 0x0000000003950000, 0x0000000011c40000]
 total_blobs=3856 nmethods=3461 adapters=306
 compilation: enabled

Compilation events (10 events):
Event: 2.964 Thread 0x000000001dfaa000 3465       3       sun.misc.ProxyGenerator::computeUniqueCatchList (163 bytes)
Event: 2.965 Thread 0x000000001dfaa000 nmethod 3465 0x0000000003939c10 code [0x0000000003939f60, 0x000000000393bda8]
Event: 2.965 Thread 0x000000001dfaa000 3467       3       sun.misc.ProxyGenerator$ProxyMethod::codeFieldInitialization (241 bytes)
Event: 2.967 Thread 0x000000001dfaa000 nmethod 3467 0x000000000393cf10 code [0x000000000393d720, 0x0000000003942638]
Event: 2.967 Thread 0x000000001dfaa000 3464       3       sun.misc.ProxyGenerator$ProxyMethod::codeUnwrapReturnValue (213 bytes)
Event: 2.969 Thread 0x000000001dfaa000 nmethod 3464 0x0000000003946310 code [0x0000000003946900, 0x000000000394a618]
Event: 2.969 Thread 0x000000001dfaa000 3466       3       sun.misc.ProxyGenerator::access$1800 (7 bytes)
Event: 2.969 Thread 0x000000001dfaa000 nmethod 3466 0x000000000392b2d0 code [0x000000000392b440, 0x000000000392b5a8]
Event: 3.021 Thread 0x000000001dfaa000 3471       3       net.bytebuddy.description.ModifierReviewable$AbstractBase::<init> (5 bytes)
Event: 3.022 Thread 0x000000001dfaa000 nmethod 3471 0x000000000392af10 code [0x000000000392b060, 0x000000000392b210]

GC Heap History (10 events):
Event: 1.301 GC heap before
{Heap before GC invocations=4 (full 1):
 PSYoungGen      total 75776K, used 5321K [0x000000076b780000, 0x0000000774b80000, 0x00000007c0000000)
  eden space 65024K, 0% used [0x000000076b780000,0x000000076b780000,0x000000076f700000)
  from space 10752K, 49% used [0x000000076f700000,0x000000076fc32510,0x0000000770180000)
  to   space 10752K, 0% used [0x0000000774100000,0x0000000774100000,0x0000000774b80000)
 ParOldGen       total 173568K, used 46K [0x00000006c2600000, 0x00000006ccf80000, 0x000000076b780000)
  object space 173568K, 0% used [0x00000006c2600000,0x00000006c260b820,0x00000006ccf80000)
 Metaspace       used 19587K, capacity 21168K, committed 21296K, reserved 1067008K
  class space    used 2560K, capacity 2854K, committed 2944K, reserved 1048576K
Event: 1.323 GC heap after
Heap after GC invocations=4 (full 1):
 PSYoungGen      total 75776K, used 0K [0x000000076b780000, 0x0000000774b80000, 0x00000007c0000000)
  eden space 65024K, 0% used [0x000000076b780000,0x000000076b780000,0x000000076f700000)
  from space 10752K, 0% used [0x000000076f700000,0x000000076f700000,0x0000000770180000)
  to   space 10752K, 0% used [0x0000000774100000,0x0000000774100000,0x0000000774b80000)
 ParOldGen       total 79872K, used 5104K [0x00000006c2600000, 0x00000006c7400000, 0x000000076b780000)
  object space 79872K, 6% used [0x00000006c2600000,0x00000006c2afc398,0x00000006c7400000)
 Metaspace       used 19587K, capacity 21168K, committed 21296K, reserved 1067008K
  class space    used 2560K, capacity 2854K, committed 2944K, reserved 1048576K
}
Event: 1.623 GC heap before
{Heap before GC invocations=5 (full 1):
 PSYoungGen      total 75776K, used 65024K [0x000000076b780000, 0x0000000774b80000, 0x00000007c0000000)
  eden space 65024K, 100% used [0x000000076b780000,0x000000076f700000,0x000000076f700000)
  from space 10752K, 0% used [0x000000076f700000,0x000000076f700000,0x0000000770180000)
  to   space 10752K, 0% used [0x0000000774100000,0x0000000774100000,0x0000000774b80000)
 ParOldGen       total 79872K, used 5114K [0x00000006c2600000, 0x00000006c7400000, 0x000000076b780000)
  object space 79872K, 6% used [0x00000006c2600000,0x00000006c2afeac0,0x00000006c7400000)
 Metaspace       used 24449K, capacity 26240K, committed 26368K, reserved 1073152K
  class space    used 3228K, capacity 3566K, committed 3584K, reserved 1048576K
Event: 1.629 GC heap after
Heap after GC invocations=5 (full 1):
 PSYoungGen      total 126976K, used 7494K [0x000000076b780000, 0x0000000774880000, 0x00000007c0000000)
  eden space 119296K, 0% used [0x000000076b780000,0x000000076b780000,0x0000000772c00000)
  from space 7680K, 97% used [0x0000000774100000,0x0000000774851988,0x0000000774880000)
  to   space 10752K, 0% used [0x0000000773380000,0x0000000773380000,0x0000000773e00000)
 ParOldGen       total 79872K, used 5122K [0x00000006c2600000, 0x00000006c7400000, 0x000000076b780000)
  object space 79872K, 6% used [0x00000006c2600000,0x00000006c2b00ac0,0x00000006c7400000)
 Metaspace       used 24449K, capacity 26240K, committed 26368K, reserved 1073152K
  class space    used 3228K, capacity 3566K, committed 3584K, reserved 1048576K
}
Event: 2.348 GC heap before
{Heap before GC invocations=6 (full 1):
 PSYoungGen      total 126976K, used 126790K [0x000000076b780000, 0x0000000774880000, 0x00000007c0000000)
  eden space 119296K, 100% used [0x000000076b780000,0x0000000772c00000,0x0000000772c00000)
  from space 7680K, 97% used [0x0000000774100000,0x0000000774851988,0x0000000774880000)
  to   space 10752K, 0% used [0x0000000773380000,0x0000000773380000,0x0000000773e00000)
 ParOldGen       total 79872K, used 5122K [0x00000006c2600000, 0x00000006c7400000, 0x000000076b780000)
  object space 79872K, 6% used [0x00000006c2600000,0x00000006c2b00ac0,0x00000006c7400000)
 Metaspace       used 29725K, capacity 32288K, committed 32384K, reserved 1077248K
  class space    used 3975K, capacity 4418K, committed 4480K, reserved 1048576K
Event: 2.354 GC heap after
Heap after GC invocations=6 (full 1):
 PSYoungGen      total 130048K, used 10532K [0x000000076b780000, 0x0000000774880000, 0x00000007c0000000)
  eden space 119296K, 0% used [0x000000076b780000,0x000000076b780000,0x0000000772c00000)
  from space 10752K, 97% used [0x0000000773380000,0x0000000773dc93d8,0x0000000773e00000)
  to   space 7680K, 0% used [0x0000000774100000,0x0000000774100000,0x0000000774880000)
 ParOldGen       total 79872K, used 5130K [0x00000006c2600000, 0x00000006c7400000, 0x000000076b780000)
  object space 79872K, 6% used [0x00000006c2600000,0x00000006c2b02ac0,0x00000006c7400000)
 Metaspace       used 29725K, capacity 32288K, committed 32384K, reserved 1077248K
  class space    used 3975K, capacity 4418K, committed 4480K, reserved 1048576K
}
Event: 2.776 GC heap before
{Heap before GC invocations=7 (full 1):
 PSYoungGen      total 130048K, used 114191K [0x000000076b780000, 0x0000000774880000, 0x00000007c0000000)
  eden space 119296K, 86% used [0x000000076b780000,0x0000000771cbabd0,0x0000000772c00000)
  from space 10752K, 97% used [0x0000000773380000,0x0000000773dc93d8,0x0000000773e00000)
  to   space 7680K, 0% used [0x0000000774100000,0x0000000774100000,0x0000000774880000)
 ParOldGen       total 79872K, used 5130K [0x00000006c2600000, 0x00000006c7400000, 0x000000076b780000)
  object space 79872K, 6% used [0x00000006c2600000,0x00000006c2b02ac0,0x00000006c7400000)
 Metaspace       used 32417K, capacity 35370K, committed 35496K, reserved 1079296K
  class space    used 4347K, capacity 4853K, committed 4864K, reserved 1048576K
Event: 2.782 GC heap after
Heap after GC invocations=7 (full 1):
 PSYoungGen      total 126976K, used 7668K [0x000000076b780000, 0x0000000774880000, 0x00000007c0000000)
  eden space 119296K, 0% used [0x000000076b780000,0x000000076b780000,0x0000000772c00000)
  from space 7680K, 99% used [0x0000000774100000,0x000000077487d040,0x0000000774880000)
  to   space 10752K, 0% used [0x0000000773380000,0x0000000773380000,0x0000000773e00000)
 ParOldGen       total 79872K, used 10126K [0x00000006c2600000, 0x00000006c7400000, 0x000000076b780000)
  object space 79872K, 12% used [0x00000006c2600000,0x00000006c2fe3910,0x00000006c7400000)
 Metaspace       used 32417K, capacity 35370K, committed 35496K, reserved 1079296K
  class space    used 4347K, capacity 4853K, committed 4864K, reserved 1048576K
}
Event: 2.782 GC heap before
{Heap before GC invocations=8 (full 2):
 PSYoungGen      total 126976K, used 7668K [0x000000076b780000, 0x0000000774880000, 0x00000007c0000000)
  eden space 119296K, 0% used [0x000000076b780000,0x000000076b780000,0x0000000772c00000)
  from space 7680K, 99% used [0x0000000774100000,0x000000077487d040,0x0000000774880000)
  to   space 10752K, 0% used [0x0000000773380000,0x0000000773380000,0x0000000773e00000)
 ParOldGen       total 79872K, used 10126K [0x00000006c2600000, 0x00000006c7400000, 0x000000076b780000)
  object space 79872K, 12% used [0x00000006c2600000,0x00000006c2fe3910,0x00000006c7400000)
 Metaspace       used 32417K, capacity 35370K, committed 35496K, reserved 1079296K
  class space    used 4347K, capacity 4853K, committed 4864K, reserved 1048576K
Event: 2.872 GC heap after
Heap after GC invocations=8 (full 2):
 PSYoungGen      total 126976K, used 0K [0x000000076b780000, 0x0000000774880000, 0x00000007c0000000)
  eden space 119296K, 0% used [0x000000076b780000,0x000000076b780000,0x0000000772c00000)
  from space 7680K, 0% used [0x0000000774100000,0x0000000774100000,0x0000000774880000)
  to   space 10752K, 0% used [0x0000000773380000,0x0000000773380000,0x0000000773e00000)
 ParOldGen       total 126464K, used 16890K [0x00000006c2600000, 0x00000006ca180000, 0x000000076b780000)
  object space 126464K, 13% used [0x00000006c2600000,0x00000006c367ea60,0x00000006ca180000)
 Metaspace       used 32417K, capacity 35370K, committed 35496K, reserved 1079296K
  class space    used 4347K, capacity 4853K, committed 4864K, reserved 1048576K
}

Deoptimization events (10 events):
Event: 2.667 Thread 0x0000000025f18800 Uncommon trap: reason=unstable_if action=reinterpret pc=0x00000000033d188c method=java.net.URL.<init>(Ljava/net/URL;Ljava/lang/String;Ljava/net/URLStreamHandler;)V @ 57
Event: 2.667 Thread 0x0000000025f18800 Uncommon trap: reason=unstable_if action=reinterpret pc=0x0000000003192368 method=java.net.URLStreamHandler.parseURL(Ljava/net/URL;Ljava/lang/String;II)V @ 57
Event: 2.667 Thread 0x0000000025f18800 Uncommon trap: reason=unstable_if action=reinterpret pc=0x00000000032ea2e0 method=java.io.WinNTFileSystem.resolve(Ljava/lang/String;Ljava/lang/String;)Ljava/lang/String; @ 19
Event: 2.667 Thread 0x0000000002b47000 Uncommon trap: reason=unstable_if action=reinterpret pc=0x0000000002e79498 method=java.lang.AbstractStringBuilder.append(Ljava/lang/String;)Ljava/lang/AbstractStringBuilder; @ 1
Event: 2.674 Thread 0x0000000002b47000 Uncommon trap: reason=null_check action=make_not_entrant pc=0x00000000037daaa4 method=java.lang.Class.createAnnotationData(I)Ljava/lang/Class$AnnotationData; @ 14
Event: 2.774 Thread 0x0000000002b47000 Uncommon trap: reason=unstable_if action=reinterpret pc=0x0000000003703558 method=org.springframework.util.ConcurrentReferenceHashMap$Segment.clear()V @ 7
Event: 2.873 Thread 0x0000000002b47000 Uncommon trap: reason=unstable_if action=reinterpret pc=0x0000000003663c74 method=java.lang.invoke.MethodType$ConcurrentWeakInternSet$WeakEntry.equals(Ljava/lang/Object;)Z @ 21
Event: 2.889 Thread 0x0000000002b47000 Uncommon trap: reason=unstable_if action=reinterpret pc=0x0000000003415594 method=java.util.LinkedHashMap.get(Ljava/lang/Object;)Ljava/lang/Object; @ 20
Event: 2.908 Thread 0x0000000002b47000 Uncommon trap: reason=predicate action=maybe_recompile pc=0x00000000030b44d0 method=java.lang.String.regionMatches(ZILjava/lang/String;II)Z @ 63
Event: 2.931 Thread 0x0000000002b47000 Uncommon trap: reason=unstable_if action=reinterpret pc=0x0000000003255fb8 method=java.lang.ClassLoader.getClassLoadingLock(Ljava/lang/String;)Ljava/lang/Object; @ 6

Classes redefined (0 events):
No events

Internal exceptions (10 events):
Event: 2.761 Thread 0x0000000002b47000 Exception <a 'java/lang/ClassNotFoundException': org/springframework/beans/factory/InitializingBeanCustomizer> (0x0000000771a38ea8) thrown at [C:\re\workspace\8-2-build-windows-amd64-cygwin\jdk8u181\11358\hotspot\src\share\vm\classfile\systemDictionary.cp
Event: 2.761 Thread 0x0000000002b47000 Exception <a 'java/lang/ClassNotFoundException': org/springframework/beans/factory/DisposableBeanCustomizer> (0x0000000771a528d8) thrown at [C:\re\workspace\8-2-build-windows-amd64-cygwin\jdk8u181\11358\hotspot\src\share\vm\classfile\systemDictionary.cpp,
Event: 2.763 Thread 0x0000000002b47000 Exception <a 'java/lang/ClassNotFoundException': java/lang/ObjectCustomizer> (0x0000000771a8b1e8) thrown at [C:\re\workspace\8-2-build-windows-amd64-cygwin\jdk8u181\11358\hotspot\src\share\vm\classfile\systemDictionary.cpp, line 210]
Event: 2.763 Thread 0x0000000002b47000 Exception <a 'java/lang/ClassNotFoundException': org/springframework/web/multipart/support/StandardServletMultipartResolverCustomizer> (0x0000000771aafb40) thrown at [C:\re\workspace\8-2-build-windows-amd64-cygwin\jdk8u181\11358\hotspot\src\share\vm\class
Event: 2.764 Thread 0x0000000002b47000 Exception <a 'java/lang/ClassNotFoundException': org/springframework/web/multipart/MultipartResolverCustomizer> (0x0000000771ad0b40) thrown at [C:\re\workspace\8-2-build-windows-amd64-cygwin\jdk8u181\11358\hotspot\src\share\vm\classfile\systemDictionary.c
Event: 2.873 Thread 0x0000000002b47000 Implicit null exception at 0x0000000003662ddd to 0x0000000003663c49
Event: 2.889 Thread 0x0000000002b47000 Exception <a 'java/lang/ClassNotFoundException': java/lang/ObjectCustomizer> (0x000000076b998178) thrown at [C:\re\workspace\8-2-build-windows-amd64-cygwin\jdk8u181\11358\hotspot\src\share\vm\classfile\systemDictionary.cpp, line 210]
Event: 2.889 Thread 0x0000000002b47000 Exception <a 'java/lang/ClassNotFoundException': com/ch/admin/Boot05WebAdminApplicationTestsCustomizer> (0x000000076b9b4100) thrown at [C:\re\workspace\8-2-build-windows-amd64-cygwin\jdk8u181\11358\hotspot\src\share\vm\classfile\systemDictionary.cpp, line
Event: 2.917 Thread 0x0000000002b47000 Exception <a 'java/lang/ClassNotFoundException': java/lang/Module> (0x000000076bf0b568) thrown at [C:\re\workspace\8-2-build-windows-amd64-cygwin\jdk8u181\11358\hotspot\src\share\vm\classfile\systemDictionary.cpp, line 210]
Event: 2.935 Thread 0x0000000002b47000 Exception <a 'java/lang/ClassNotFoundException': java/lang/Module> (0x000000076c1a0220) thrown at [C:\re\workspace\8-2-build-windows-amd64-cygwin\jdk8u181\11358\hotspot\src\share\vm\classfile\systemDictionary.cpp, line 210]

Events (10 events):
Event: 3.034 loading class net/bytebuddy/dynamic/scaffold/MethodGraph$Compiler$Default$Merger
Event: 3.034 loading class net/bytebuddy/dynamic/scaffold/MethodGraph$Compiler$Default$Merger done
Event: 3.035 loading class net/bytebuddy/dynamic/scaffold/MethodGraph$Empty
Event: 3.035 loading class net/bytebuddy/dynamic/scaffold/MethodGraph$Empty done
Event: 3.035 loading class net/bytebuddy/dynamic/scaffold/MethodGraph$Linked
Event: 3.035 loading class net/bytebuddy/dynamic/scaffold/MethodGraph$Linked done
Event: 3.035 loading class net/bytebuddy/dynamic/scaffold/MethodGraph
Event: 3.035 loading class net/bytebuddy/dynamic/scaffold/MethodGraph done
Event: 3.035 loading class net/bytebuddy/dynamic/scaffold/MethodGraph$Compiler$Default$Harmonizer$ForJavaMethod
Event: 3.035 loading class net/bytebuddy/dynamic/scaffold/MethodGraph$Compiler$Default$Harmonizer$ForJavaMethod done


Dynamic libraries:
0x00007ff733620000 - 0x00007ff733657000 	C:\Program Files\Java\jdk1.8.0_181\bin\java.exe
0x00007fff64080000 - 0x00007fff64289000 	C:\WINDOWS\SYSTEM32\ntdll.dll
0x00007fff62f90000 - 0x00007fff6304d000 	C:\WINDOWS\System32\KERNEL32.DLL
0x00007fff61570000 - 0x00007fff618e4000 	C:\WINDOWS\System32\KERNELBASE.dll
0x00007fff637d0000 - 0x00007fff6387e000 	C:\WINDOWS\System32\ADVAPI32.dll
0x00007fff634f0000 - 0x00007fff63593000 	C:\WINDOWS\System32\msvcrt.dll
0x00007fff636c0000 - 0x00007fff6375e000 	C:\WINDOWS\System32\sechost.dll
0x00007fff635a0000 - 0x00007fff636c0000 	C:\WINDOWS\System32\RPCRT4.dll
0x00007fff621b0000 - 0x00007fff6235c000 	C:\WINDOWS\System32\USER32.dll
0x00007fff61b80000 - 0x00007fff61ba6000 	C:\WINDOWS\System32\win32u.dll
0x00007fff62360000 - 0x00007fff62389000 	C:\WINDOWS\System32\GDI32.dll
0x00007fff618f0000 - 0x00007fff61a02000 	C:\WINDOWS\System32\gdi32full.dll
0x00007fff61e80000 - 0x00007fff61f1d000 	C:\WINDOWS\System32\msvcp_win.dll
0x00007fff61c70000 - 0x00007fff61d81000 	C:\WINDOWS\System32\ucrtbase.dll
0x00007fff494b0000 - 0x00007fff49755000 	C:\WINDOWS\WinSxS\amd64_microsoft.windows.common-controls_6595b64144ccf1df_6.0.22000.120_none_9d947278b86cc467\COMCTL32.dll
0x00007fff620e0000 - 0x00007fff62111000 	C:\WINDOWS\System32\IMM32.DLL
0x000000006a740000 - 0x000000006a812000 	C:\Program Files\Java\jdk1.8.0_181\jre\bin\msvcr100.dll
0x0000000069e90000 - 0x000000006a732000 	C:\Program Files\Java\jdk1.8.0_181\jre\bin\server\jvm.dll
0x00007fff64030000 - 0x00007fff64038000 	C:\WINDOWS\System32\PSAPI.DLL
0x00007fff4b1e0000 - 0x00007fff4b1e9000 	C:\WINDOWS\SYSTEM32\WSOCK32.dll
0x00007fff5c240000 - 0x00007fff5c273000 	C:\WINDOWS\SYSTEM32\WINMM.dll
0x00007fff5b4b0000 - 0x00007fff5b4ba000 	C:\WINDOWS\SYSTEM32\VERSION.dll
0x00007fff63760000 - 0x00007fff637cf000 	C:\WINDOWS\System32\WS2_32.dll
0x0000000069e80000 - 0x0000000069e8f000 	C:\Program Files\Java\jdk1.8.0_181\jre\bin\verify.dll
0x0000000069e50000 - 0x0000000069e79000 	C:\Program Files\Java\jdk1.8.0_181\jre\bin\java.dll
0x0000000069e00000 - 0x0000000069e23000 	C:\Program Files\Java\jdk1.8.0_181\jre\bin\instrument.dll
0x0000000069e30000 - 0x0000000069e46000 	C:\Program Files\Java\jdk1.8.0_181\jre\bin\zip.dll
0x00007fff63880000 - 0x00007fff6402e000 	C:\WINDOWS\System32\SHELL32.dll
0x00007fff5f6e0000 - 0x00007fff5ff47000 	C:\WINDOWS\SYSTEM32\windows.storage.dll
0x00007fff62a70000 - 0x00007fff62de8000 	C:\WINDOWS\System32\combase.dll
0x00007fff5f570000 - 0x00007fff5f6d6000 	C:\WINDOWS\SYSTEM32\wintypes.dll
0x00007fff62910000 - 0x00007fff629fa000 	C:\WINDOWS\System32\SHCORE.dll
0x00007fff62800000 - 0x00007fff6285d000 	C:\WINDOWS\System32\shlwapi.dll
0x00007fff614a0000 - 0x00007fff614c1000 	C:\WINDOWS\SYSTEM32\profapi.dll
0x00007fff5de40000 - 0x00007fff5de5a000 	D:\Program Files\JetBrains\IntelliJ IDEA 2021.2.2\bin\breakgen64.dll
0x0000000069de0000 - 0x0000000069dfa000 	C:\Program Files\Java\jdk1.8.0_181\jre\bin\net.dll
0x00007fff60aa0000 - 0x00007fff60b07000 	C:\WINDOWS\system32\mswsock.dll
0x0000000069dc0000 - 0x0000000069dd1000 	C:\Program Files\Java\jdk1.8.0_181\jre\bin\nio.dll
0x0000000069db0000 - 0x0000000069dbd000 	C:\Program Files\Java\jdk1.8.0_181\jre\bin\management.dll
0x00007fff4a960000 - 0x00007fff4a977000 	C:\WINDOWS\system32\napinsp.dll
0x00007fff4b4d0000 - 0x00007fff4b4eb000 	C:\WINDOWS\system32\pnrpnsp.dll
0x00007fff601d0000 - 0x00007fff602b7000 	C:\WINDOWS\SYSTEM32\DNSAPI.dll
0x00007fff601a0000 - 0x00007fff601cd000 	C:\WINDOWS\SYSTEM32\IPHLPAPI.DLL
0x00007fff63050000 - 0x00007fff63059000 	C:\WINDOWS\System32\NSI.dll
0x00007fff4a800000 - 0x00007fff4a812000 	C:\WINDOWS\System32\winrnr.dll
0x00007fff4a7e0000 - 0x00007fff4a7f5000 	C:\WINDOWS\system32\wshbth.dll
0x00007fff49ae0000 - 0x00007fff49aff000 	C:\WINDOWS\system32\nlansp_c.dll
0x00007fff59640000 - 0x00007fff5964a000 	C:\Windows\System32\rasadhlp.dll
0x00007fff59ae0000 - 0x00007fff59b61000 	C:\WINDOWS\System32\fwpuclnt.dll
0x0000000180000000 - 0x0000000180286000 	E:\apache\apache-tomcat-8.5.73\bin\tcnative-1.dll
0x00007fff61a10000 - 0x00007fff61b72000 	C:\WINDOWS\System32\CRYPT32.dll

VM Arguments:
jvm_args: -ea -Didea.test.cyclic.buffer.size=1048576 -javaagent:D:\Program Files\JetBrains\IntelliJ IDEA 2021.2.2\lib\idea_rt.jar=65412:D:\Program Files\JetBrains\IntelliJ IDEA 2021.2.2\bin -Dfile.encoding=UTF-8 
java_command: com.intellij.rt.junit.JUnitStarter -ideVersion5 -junit5 com.ch.admin.Boot05WebAdminApplicationTests,contextLoads
java_class_path (initial): C:\Users\CH\.m2\repository\org\junit\platform\junit-platform-launcher\1.8.2\junit-platform-launcher-1.8.2.jar;C:\Users\CH\.m2\repository\org\junit\platform\junit-platform-engine\1.8.2\junit-platform-engine-1.8.2.jar;C:\Users\CH\.m2\repository\org\opentest4j\opentest4j\1.2.0\opentest4j-1.2.0.jar;C:\Users\CH\.m2\repository\org\junit\platform\junit-platform-commons\1.8.2\junit-platform-commons-1.8.2.jar;C:\Users\CH\.m2\repository\org\apiguardian\apiguardian-api\1.1.2\apiguardian-api-1.1.2.jar;D:\Program Files\JetBrains\IntelliJ IDEA 2021.2.2\lib\idea_rt.jar;D:\Program Files\JetBrains\IntelliJ IDEA 2021.2.2\plugins\junit\lib\junit5-rt.jar;D:\Program Files\JetBrains\IntelliJ IDEA 2021.2.2\plugins\junit\lib\junit-rt.jar;C:\Program Files\Java\jdk1.8.0_181\jre\lib\charsets.jar;C:\Program Files\Java\jdk1.8.0_181\jre\lib\deploy.jar;C:\Program Files\Java\jdk1.8.0_181\jre\lib\ext\access-bridge-64.jar;C:\Program Files\Java\jdk1.8.0_181\jre\lib\ext\cldrdata.jar;C:\Program Files\Java\jdk1.8.0_181\jre\lib\ext\dnsns.jar;C:\Program Files\Java\jdk1.8.0_181\jre\lib\ext\jaccess.jar;C:\Program Files\Java\jdk1.8.0_181\jre\lib\ext\jfxrt.jar;C:\Program Files\Java\jdk1.8.0_181\jre\lib\ext\localedata.jar;C:\Program Files\Java\jdk1.8.0_181\jre\lib\ext\nashorn.jar;C:\Program Files\Java\jdk1.8.0_181\jre\lib\ext\sunec.jar;C:\Program Files\Java\jdk1.8.0_181\jre\lib\ext\sunjce_provider.jar;C:\Program Files\Java\jdk1.8.0_181\jre\lib\ext\sunmscapi.jar;C:\Program Files\Java\jdk1.8.0_181\jre\lib\ext\sunpkcs11.jar;C:\Program Files\Java\jdk1.8.0_181\jre\lib\ext\zipfs.jar;C:\Program Files\Java\jdk1.8.0_181\jre\lib\javaws.jar;C:\Program Files\Java\jdk1.8.0_181\jre\lib\jce.jar;C:\Program Files\Java\jdk1.8.0_181\jre\lib\jfr.jar;C:\Program Files\Java\jdk1.8.0_181\jre\lib\jfxswt.jar;C:\Program Files\Java\jdk1.8.0_181\jre\lib\jsse.jar;C:\Program Files\Java\jdk1.8.0_181\jre\lib\management-agent.jar;C:\Program Files\Java\jdk1.8.0_181\jre\lib\plugin.jar;C:\Program Files\Java\jdk1.8.0_1
Launcher Type: SUN_STANDARD

Environment Variables:
JAVA_HOME=C:\Program Files\Java\jdk1.8.0_181
CLASSPATH=.;C:\Program Files\Java\jdk1.8.0_181\lib\dt.jar;C:\Program Files\Java\jdk1.8.0_181\lib\tools.jar;
PATH=D:\Vm\bin\;C:\Program Files (x86)\Common Files\Oracle\Java\javapath;C:\Windows\system32;C:\Windows;C:\Windows\System32\Wbem;C:\Windows\System32\WindowsPowerShell\v1.0\;C:\Windows\System32\OpenSSH\;C:\Program Files (x86)\NVIDIA Corporation\PhysX\Common;C:\Program Files (x86)\Intel\Intel(R) Management Engine Components\DAL;C:\Program Files\Intel\Intel(R) Management Engine Components\DAL;C:\Program Files\Intel\WiFi\bin\;C:\Program Files\Common Files\Intel\WirelessCommon\;C:\WINDOWS\system32;C:\WINDOWS;C:\WINDOWS\System32\Wbem;C:\WINDOWS\System32\WindowsPowerShell\v1.0\;C:\WINDOWS\System32\OpenSSH\;C:\Program Files\Java\jdk1.8.0_181\bin;C:\Program Files\Java\jdk1.8.0_181\jre\bin;C:\Program Files\Git\cmd;E:\apache\maven\apache-maven-3.8.3-bin\apache-maven-3.8.3\bin;E:\apache\maven\apache-maven-3.8.3-bin\apache-maven-3.8.3\bin;E:\apache\apache-tomcat-8.5.73\lib;E:\apache\apache-tomcat-8.5.73\bin;E:\apache\apache-tomcat-8.5.73\lib\servlet-api.jar;C:\Program Files (x86)\Microsoft VS Code\bin;D:\Program Files (x86)\Android\android-sdk\platform-tools;D:\Program Files (x86)\Android\android-sdk\tools;C:\Users\CH\AppData\Local\Microsoft\WindowsApps;C:\Program Files\Intel\WiFi\bin\;C:\Program Files\Common Files\Intel\WirelessCommon\;d:\Program Files\JetBrains\IntelliJ IDEA 2021.2.2\bin;;d:\Users\CH\AppData\Local\Programs\Microsoft VS Code\bin;;c:\Program Files\JetBrains\PyCharm 2021.2.3\bin;
USERNAME=CH
OS=Windows_NT
PROCESSOR_IDENTIFIER=Intel64 Family 6 Model 158 Stepping 10, GenuineIntel



---------------  S Y S T E M  ---------------

OS: Windows 10.0 , 64 bit Build 22000 (10.0.22000.434)

CPU:total 12 (initial active 12) (6 cores per cpu, 2 threads per core) family 6 model 158 stepping 10, cmov, cx8, fxsr, mmx, sse, sse2, sse3, ssse3, sse4.1, sse4.2, popcnt, avx, avx2, aes, clmul, erms, 3dnowpref, lzcnt, ht, tsc, tscinvbit, bmi1, bmi2, adx

Memory: 4k page, physical 16620324k(1144488k free), swap 29676968k(5360k free)

vm_info: Java HotSpot(TM) 64-Bit Server VM (25.181-b13) for windows-amd64 JRE (1.8.0_181-b13), built on Jul  7 2018 04:01:33 by "java_re" with MS VC++ 10.0 (VS2010)

time: Wed Mar 09 11:36:52 2022
elapsed time: 3 seconds (0d 0h 0m 3s)

