#
# There is insufficient memory for the Java Runtime Environment to continue.
# Native memory allocation (malloc) failed to allocate 2920864 bytes for Chunk::new
# Possible reasons:
#   The system is out of physical RAM or swap space
#   In 32 bit mode, the process size limit was hit
# Possible solutions:
#   Reduce memory load on the system
#   Increase physical memory or swap space
#   Check if swap backing store is full
#   Use 64 bit Java on a 64 bit OS
#   Decrease Java heap size (-Xmx/-Xms)
#   Decrease number of Java threads
#   Decrease Java thread stack sizes (-Xss)
#   Set larger code cache with -XX:ReservedCodeCacheSize=
# This output file may be truncated or incomplete.
#
#  Out of Memory Error (allocation.cpp:390), pid=8792, tid=0x0000000000003210
#
# JRE version: Java(TM) SE Runtime Environment (8.0_181-b13) (build 1.8.0_181-b13)
# Java VM: Java HotSpot(TM) 64-Bit Server VM (25.181-b13 mixed mode windows-amd64 compressed oops)
# Failed to write core dump. Minidumps are not enabled by default on client versions of Windows
#

---------------  T H R E A D  ---------------

Current thread (0x000000001ea8e000):  JavaThread "Unknown thread" [_thread_in_native, id=12816, stack(0x0000000020290000,0x0000000020390000)]

Stack: [0x0000000020290000,0x0000000020390000]
[error occurred during error reporting (printing stack bounds), id 0xc0000005]

Native frames: (J=compiled Java code, j=interpreted, Vv=VM code, C=native code)


Current CompileTask:
C2:   1249 1192 %     4       sun.misc.URLClassPath::getResource @ 46 (83 bytes)


---------------  P R O C E S S  ---------------

Java Threads: ( => current thread )
  0x0000000023224800 JavaThread "Unknown thread" [_thread_blocked, id=3032, stack(0x00000000236b0000,0x00000000237b0000)]
  0x000000001ea99000 JavaThread "Unknown thread" [_thread_blocked, id=24084, stack(0x0000000020490000,0x0000000020590000)]
  0x000000001ea91000 JavaThread "Unknown thread" [_thread_blocked, id=4616, stack(0x0000000020390000,0x0000000020490000)]
=>0x000000001ea8e000 JavaThread "Unknown thread" [_thread_in_native, id=12816, stack(0x0000000020290000,0x0000000020390000)]
  0x000000001ea8d800 JavaThread "Unknown thread" [_thread_blocked, id=12812, stack(0x0000000020190000,0x0000000020290000)]
  0x000000001ea8a800 JavaThread "Unknown thread" [_thread_in_native, id=16780, stack(0x0000000020090000,0x0000000020190000)]
  0x000000001ea84800 JavaThread "Unknown thread" [_thread_in_native, id=7700, stack(0x000000001ff90000,0x0000000020090000)]
  0x000000001ea29000 JavaThread "Unknown thread" [_thread_blocked, id=20504, stack(0x000000001fe90000,0x000000001ff90000)]
  0x000000001e9d4000 JavaThread "Unknown thread" [_thread_blocked, id=12072, stack(0x000000001fd90000,0x000000001fe90000)]
  0x000000001d2f5000 JavaThread "Unknown thread" [_thread_blocked, id=3376, stack(0x000000001fc30000,0x000000001fd30000)]
  0x000000001d2ee000 JavaThread "Unknown thread" [_thread_blocked, id=11224, stack(0x000000001fb30000,0x000000001fc30000)]
  0x00000000035f7000 JavaThread "Unknown thread" [_thread_blocked, id=23432, stack(0x0000000003360000,0x0000000003460000)]

Other Threads:
  0x00000000036ec800 VMThread [stack: 0x000000001fa30000,0x000000001fb30000] [id=520]
  0x000000001eb73000 WatcherThread [stack: 0x0000000020590000,0x0000000020690000] [id=6588]

VM state:at safepoint (normal execution)

VM Mutex/Monitor currently owned by a thread:  ([mutex/lock_event])
[0x00000000035f4570] Threads_lock - owner thread: 0x00000000036ec800
[0x00000000035f5780] Heap_lock - owner thread: 0x0000000023224800

Heap:
 PSYoungGen      total 75776K, used 5319K [0x000000076b780000, 0x0000000774b80000, 0x00000007c0000000)
  eden space 65024K, 0% used [0x000000076b780000,0x000000076b780000,0x000000076f700000)
  from space 10752K, 49% used [0x000000076f700000,0x000000076fc31e98,0x0000000770180000)
  to   space 10752K, 0% used [0x0000000774100000,0x0000000774100000,0x0000000774b80000)
 ParOldGen       total 173568K, used 40K [0x00000006c2600000, 0x00000006ccf80000, 0x000000076b780000)
  object space 173568K, 0% used [0x00000006c2600000,0x00000006c260a000,0x00000006ccf80000)
 Metaspace       used 19578K, capacity 21172K, committed 21296K, reserved 1067008K
  class space    used 2559K, capacity 2854K, committed 2944K, reserved 1048576K

Card table byte_map: [0x0000000012ab0000,0x00000000132a0000] byte_map_base: 0x000000000f49d000

Marking Bits: (ParMarkBitMap*) 0x000000006a6b2d00
 Begin Bits: [0x00000000141f0000, 0x0000000018158000)
 End Bits:   [0x0000000018158000, 0x000000001c0c0000)

Polling page: 0x0000000001160000

CodeCache: size=245760Kb used=5729Kb max_used=5729Kb free=240030Kb
 bounds [0x00000000036f0000, 0x0000000003c90000, 0x00000000126f0000]
 total_blobs=2014 nmethods=1650 adapters=276
 compilation: enabled

Compilation events (10 events):
Event: 1.206 Thread 0x000000001ea91000 nmethod 1648 0x0000000003c867d0 code [0x0000000003c86940, 0x0000000003c86c38]
Event: 1.212 Thread 0x000000001ea91000 1650       3       org.springframework.core.ResolvableType::resolveType (151 bytes)
Event: 1.212 Thread 0x000000001ea91000 nmethod 1650 0x0000000003c87110 code [0x0000000003c873a0, 0x0000000003c886d8]
Event: 1.213 Thread 0x000000001ea91000 1651       3       java.lang.System::getProperty (25 bytes)
Event: 1.213 Thread 0x000000001ea91000 nmethod 1651 0x0000000003c88bd0 code [0x0000000003c88da0, 0x0000000003c89428]
Event: 1.214 Thread 0x000000001ea91000 1652       3       java.net.URI$Parser::at (20 bytes)
Event: 1.214 Thread 0x000000001ea91000 nmethod 1652 0x0000000003c896d0 code [0x0000000003c89860, 0x0000000003c89cc8]
Event: 1.223 Thread 0x000000001ea91000 1653       3       java.util.stream.AbstractPipeline::wrapSink (37 bytes)
Event: 1.223 Thread 0x000000001ea8d800 1654       4       sun.net.www.protocol.file.Handler::parseURL (18 bytes)
Event: 1.223 Thread 0x000000001ea91000 nmethod 1653 0x0000000003c89f10 code [0x0000000003c8a0a0, 0x0000000003c8a4d8]

GC Heap History (7 events):
Event: 0.699 GC heap before
{Heap before GC invocations=1 (full 0):
 PSYoungGen      total 75776K, used 65024K [0x000000076b780000, 0x0000000770c00000, 0x00000007c0000000)
  eden space 65024K, 100% used [0x000000076b780000,0x000000076f700000,0x000000076f700000)
  from space 10752K, 0% used [0x0000000770180000,0x0000000770180000,0x0000000770c00000)
  to   space 10752K, 0% used [0x000000076f700000,0x000000076f700000,0x0000000770180000)
 ParOldGen       total 173568K, used 0K [0x00000006c2600000, 0x00000006ccf80000, 0x000000076b780000)
  object space 173568K, 0% used [0x00000006c2600000,0x00000006c2600000,0x00000006ccf80000)
 Metaspace       used 12970K, capacity 14082K, committed 14208K, reserved 1060864K
  class space    used 1650K, capacity 1877K, committed 1920K, reserved 1048576K
Event: 0.705 GC heap after
Heap after GC invocations=1 (full 0):
 PSYoungGen      total 75776K, used 7866K [0x000000076b780000, 0x0000000770c00000, 0x00000007c0000000)
  eden space 65024K, 0% used [0x000000076b780000,0x000000076b780000,0x000000076f700000)
  from space 10752K, 73% used [0x000000076f700000,0x000000076feae880,0x0000000770180000)
  to   space 10752K, 0% used [0x0000000770180000,0x0000000770180000,0x0000000770c00000)
 ParOldGen       total 173568K, used 24K [0x00000006c2600000, 0x00000006ccf80000, 0x000000076b780000)
  object space 173568K, 0% used [0x00000006c2600000,0x00000006c2606000,0x00000006ccf80000)
 Metaspace       used 12970K, capacity 14082K, committed 14208K, reserved 1060864K
  class space    used 1650K, capacity 1877K, committed 1920K, reserved 1048576K
}
Event: 1.214 GC heap before
{Heap before GC invocations=2 (full 0):
 PSYoungGen      total 75776K, used 72890K [0x000000076b780000, 0x0000000770c00000, 0x00000007c0000000)
  eden space 65024K, 100% used [0x000000076b780000,0x000000076f700000,0x000000076f700000)
  from space 10752K, 73% used [0x000000076f700000,0x000000076feae880,0x0000000770180000)
  to   space 10752K, 0% used [0x0000000770180000,0x0000000770180000,0x0000000770c00000)
 ParOldGen       total 173568K, used 24K [0x00000006c2600000, 0x00000006ccf80000, 0x000000076b780000)
  object space 173568K, 0% used [0x00000006c2600000,0x00000006c2606000,0x00000006ccf80000)
 Metaspace       used 19321K, capacity 20972K, committed 21120K, reserved 1067008K
  class space    used 2533K, capacity 2852K, committed 2944K, reserved 1048576K
Event: 1.222 GC heap after
Heap after GC invocations=2 (full 0):
 PSYoungGen      total 75776K, used 9682K [0x000000076b780000, 0x0000000774b80000, 0x00000007c0000000)
  eden space 65024K, 0% used [0x000000076b780000,0x000000076b780000,0x000000076f700000)
  from space 10752K, 90% used [0x0000000770180000,0x0000000770af4800,0x0000000770c00000)
  to   space 10752K, 0% used [0x000000076f700000,0x000000076f700000,0x0000000770180000)
 ParOldGen       total 173568K, used 32K [0x00000006c2600000, 0x00000006ccf80000, 0x000000076b780000)
  object space 173568K, 0% used [0x00000006c2600000,0x00000006c2608000,0x00000006ccf80000)
 Metaspace       used 19321K, capacity 20972K, committed 21120K, reserved 1067008K
  class space    used 2533K, capacity 2852K, committed 2944K, reserved 1048576K
}
Event: 1.229 GC heap before
{Heap before GC invocations=3 (full 0):
 PSYoungGen      total 75776K, used 12146K [0x000000076b780000, 0x0000000774b80000, 0x00000007c0000000)
  eden space 65024K, 3% used [0x000000076b780000,0x000000076b9e8398,0x000000076f700000)
  from space 10752K, 90% used [0x0000000770180000,0x0000000770af4800,0x0000000770c00000)
  to   space 10752K, 0% used [0x000000076f700000,0x000000076f700000,0x0000000770180000)
 ParOldGen       total 173568K, used 32K [0x00000006c2600000, 0x00000006ccf80000, 0x000000076b780000)
  object space 173568K, 0% used [0x00000006c2600000,0x00000006c2608000,0x00000006ccf80000)
 Metaspace       used 19578K, capacity 21172K, committed 21296K, reserved 1067008K
  class space    used 2559K, capacity 2854K, committed 2944K, reserved 1048576K
Event: 1.232 GC heap after
Heap after GC invocations=3 (full 0):
 PSYoungGen      total 75776K, used 5319K [0x000000076b780000, 0x0000000774b80000, 0x00000007c0000000)
  eden space 65024K, 0% used [0x000000076b780000,0x000000076b780000,0x000000076f700000)
  from space 10752K, 49% used [0x000000076f700000,0x000000076fc31e98,0x0000000770180000)
  to   space 10752K, 0% used [0x0000000774100000,0x0000000774100000,0x0000000774b80000)
 ParOldGen       total 173568K, used 40K [0x00000006c2600000, 0x00000006ccf80000, 0x000000076b780000)
  object space 173568K, 0% used [0x00000006c2600000,0x00000006c260a000,0x00000006ccf80000)
 Metaspace       used 19578K, capacity 21172K, committed 21296K, reserved 1067008K
  class space    used 2559K, capacity 2854K, committed 2944K, reserved 1048576K
}
Event: 1.232 GC heap before
{Heap before GC invocations=4 (full 1):
 PSYoungGen      total 75776K, used 5319K [0x000000076b780000, 0x0000000774b80000, 0x00000007c0000000)
  eden space 65024K, 0% used [0x000000076b780000,0x000000076b780000,0x000000076f700000)
  from space 10752K, 49% used [0x000000076f700000,0x000000076fc31e98,0x0000000770180000)
  to   space 10752K, 0% used [0x0000000774100000,0x0000000774100000,0x0000000774b80000)
 ParOldGen       total 173568K, used 40K [0x00000006c2600000, 0x00000006ccf80000, 0x000000076b780000)
  object space 173568K, 0% used [0x00000006c2600000,0x00000006c260a000,0x00000006ccf80000)
 Metaspace       used 19578K, capacity 21172K, committed 21296K, reserved 1067008K
  class space    used 2559K, capacity 2854K, committed 2944K, reserved 1048576K

Deoptimization events (10 events):
Event: 0.601 Thread 0x00000000035f7000 Uncommon trap: reason=bimorphic action=maybe_recompile pc=0x0000000003acf5d4 method=java.util.HashMap.putVal(ILjava/lang/Object;Ljava/lang/Object;ZZ)Ljava/lang/Object; @ 152
Event: 0.601 Thread 0x00000000035f7000 Uncommon trap: reason=bimorphic action=maybe_recompile pc=0x0000000003acc540 method=java.util.HashMap.putVal(ILjava/lang/Object;Ljava/lang/Object;ZZ)Ljava/lang/Object; @ 152
Event: 0.614 Thread 0x00000000035f7000 Uncommon trap: reason=unstable_if action=reinterpret pc=0x0000000003a7903c method=java.io.WinNTFileSystem.normalize(Ljava/lang/String;)Ljava/lang/String; @ 128
Event: 0.699 Thread 0x00000000035f7000 Uncommon trap: reason=range_check action=make_not_entrant pc=0x000000000390df28 method=sun.reflect.generics.parser.SignatureParser.current()C @ 34
Event: 0.775 Thread 0x00000000035f7000 Uncommon trap: reason=unstable_if action=reinterpret pc=0x0000000003b6d988 method=java.util.jar.Manifest$FastInputStream.readLine([BII)I @ 87
Event: 0.883 Thread 0x00000000035f7000 Uncommon trap: reason=unstable_if action=reinterpret pc=0x0000000003b1b3cc method=java.util.HashMap.putVal(ILjava/lang/Object;Ljava/lang/Object;ZZ)Ljava/lang/Object; @ 236
Event: 1.013 Thread 0x00000000035f7000 Uncommon trap: reason=unstable_if action=reinterpret pc=0x000000000391b8a8 method=java.util.HashMap.hash(Ljava/lang/Object;)I @ 1
Event: 1.161 Thread 0x00000000035f7000 Uncommon trap: reason=unstable_if action=reinterpret pc=0x0000000003bbd874 method=java.net.URL.<init>(Ljava/net/URL;Ljava/lang/String;Ljava/net/URLStreamHandler;)V @ 347
Event: 1.223 Thread 0x00000000035f7000 Uncommon trap: reason=class_check action=maybe_recompile pc=0x0000000003b8f66c method=java.util.concurrent.ConcurrentHashMap.putVal(Ljava/lang/Object;Ljava/lang/Object;Z)Ljava/lang/Object; @ 192
Event: 1.223 Thread 0x00000000035f7000 Uncommon trap: reason=class_check action=maybe_recompile pc=0x0000000003b8f66c method=java.util.concurrent.ConcurrentHashMap.putVal(Ljava/lang/Object;Ljava/lang/Object;Z)Ljava/lang/Object; @ 192

Classes redefined (0 events):
No events

Internal exceptions (10 events):
Event: 0.804 Thread 0x00000000035f7000 Exception <a 'java/lang/NoSuchMethodError': java.lang.Object.lambda$static$0(Lorg/springframework/boot/WebApplicationType;)Lorg/springframework/context/ConfigurableApplicationContext;> (0x000000076c94c070) thrown at [C:\re\workspace\8-2-build-windows-amd6
Event: 0.871 Thread 0x00000000035f7000 Exception <a 'java/lang/NoSuchMethodError': java.lang.Object.lambda$fromSpringFactories$0(Ljava/lang/ClassLoader;)Ljava/util/List;> (0x000000076d089950) thrown at [C:\re\workspace\8-2-build-windows-amd64-cygwin\jdk8u181\11358\hotspot\src\share\vm\interpre
Event: 0.895 Thread 0x00000000035f7000 Exception <a 'java/io/FileNotFoundException'> (0x000000076d2e6280) thrown at [C:\re\workspace\8-2-build-windows-amd64-cygwin\jdk8u181\11358\hotspot\src\share\vm\prims\jni.cpp, line 709]
Event: 0.906 Thread 0x00000000035f7000 Exception <a 'java/lang/IncompatibleClassChangeError': Found class java.lang.Object, but interface was expected> (0x000000076d376138) thrown at [C:\re\workspace\8-2-build-windows-amd64-cygwin\jdk8u181\11358\hotspot\src\share\vm\interpreter\linkResolver.cp
Event: 0.928 Thread 0x00000000035f7000 Exception <a 'java/lang/NoSuchMethodError': java.lang.Object.lambda$or$2(Ljava/util/function/BiPredicate;Ljava/lang/Object;Ljava/lang/Object;)Z> (0x000000076d569690) thrown at [C:\re\workspace\8-2-build-windows-amd64-cygwin\jdk8u181\11358\hotspot\src\shar
Event: 0.930 Thread 0x00000000035f7000 Exception <a 'java/lang/NoSuchMethodError': java.lang.Object.lambda$chars$0()Ljava/util/Spliterator$OfInt;> (0x000000076d580c48) thrown at [C:\re\workspace\8-2-build-windows-amd64-cygwin\jdk8u181\11358\hotspot\src\share\vm\interpreter\linkResolver.cpp, li
Event: 0.977 Thread 0x00000000035f7000 Exception <a 'java/lang/NoSuchMethodError': java.lang.Object.lambda$from$1(Ljava/util/function/Supplier;Lorg/springframework/boot/BootstrapContext;)Ljava/lang/Object;> (0x000000076da09710) thrown at [C:\re\workspace\8-2-build-windows-amd64-cygwin\jdk8u181
Event: 1.013 Thread 0x00000000035f7000 Implicit null exception at 0x000000000391b695 to 0x000000000391b899
Event: 1.051 Thread 0x00000000035f7000 Exception <a 'java/lang/NoSuchMethodError': java.lang.Object.lambda$comparingByKey$6d558cbf$1(Ljava/util/Comparator;Ljava/util/Map$Entry;Ljava/util/Map$Entry;)I> (0x000000076e0d5b58) thrown at [C:\re\workspace\8-2-build-windows-amd64-cygwin\jdk8u181\11358
Event: 1.159 Thread 0x0000000023224800 Exception <a 'java/lang/NoClassDefFoundError': javax/validation/Validation> (0x000000076ea2ccc0) thrown at [C:\re\workspace\8-2-build-windows-amd64-cygwin\jdk8u181\11358\hotspot\src\share\vm\classfile\systemDictionary.cpp, line 199]

Events (10 events):
Event: 1.228 loading class com/fasterxml/jackson/core/JsonParser done
Event: 1.228 loading class javax/persistence$EntityManagerFactory
Event: 1.228 loading class javax/persistence$EntityManagerFactory done
Event: 1.229 loading class org/springframework/context/annotation/ContextAnnotationAutowireCandidateResolver
Event: 1.229 loading class org/springframework/context/annotation/ContextAnnotationAutowireCandidateResolver done
Event: 1.229 loading class com/fasterxml/jackson/databind/node/TreeTraversingParser
Event: 1.229 loading class com/fasterxml/jackson/databind/node/TreeTraversingParser done
Event: 1.229 loading class org/springframework/beans/factory/annotation/QualifierAnnotationAutowireCandidateResolver
Event: 1.229 loading class org/springframework/beans/factory/annotation/QualifierAnnotationAutowireCandidateResolver done
Event: 1.229 Executing VM operation: CollectForMetadataAllocation


Dynamic libraries:
0x00007ff733620000 - 0x00007ff733657000 	C:\Program Files\Java\jdk1.8.0_181\bin\java.exe
0x00007fff64080000 - 0x00007fff64289000 	C:\WINDOWS\SYSTEM32\ntdll.dll
0x00007fff62f90000 - 0x00007fff6304d000 	C:\WINDOWS\System32\KERNEL32.DLL
0x00007fff61570000 - 0x00007fff618e4000 	C:\WINDOWS\System32\KERNELBASE.dll
0x00007fff637d0000 - 0x00007fff6387e000 	C:\WINDOWS\System32\ADVAPI32.dll
0x00007fff634f0000 - 0x00007fff63593000 	C:\WINDOWS\System32\msvcrt.dll
0x00007fff636c0000 - 0x00007fff6375e000 	C:\WINDOWS\System32\sechost.dll
0x00007fff635a0000 - 0x00007fff636c0000 	C:\WINDOWS\System32\RPCRT4.dll
0x00007fff621b0000 - 0x00007fff6235c000 	C:\WINDOWS\System32\USER32.dll
0x00007fff61b80000 - 0x00007fff61ba6000 	C:\WINDOWS\System32\win32u.dll
0x00007fff62360000 - 0x00007fff62389000 	C:\WINDOWS\System32\GDI32.dll
0x00007fff618f0000 - 0x00007fff61a02000 	C:\WINDOWS\System32\gdi32full.dll
0x00007fff61e80000 - 0x00007fff61f1d000 	C:\WINDOWS\System32\msvcp_win.dll
0x00007fff61c70000 - 0x00007fff61d81000 	C:\WINDOWS\System32\ucrtbase.dll
0x00007fff494b0000 - 0x00007fff49755000 	C:\WINDOWS\WinSxS\amd64_microsoft.windows.common-controls_6595b64144ccf1df_6.0.22000.120_none_9d947278b86cc467\COMCTL32.dll
0x00007fff620e0000 - 0x00007fff62111000 	C:\WINDOWS\System32\IMM32.DLL
0x000000006a740000 - 0x000000006a812000 	C:\Program Files\Java\jdk1.8.0_181\jre\bin\msvcr100.dll
0x0000000069e90000 - 0x000000006a732000 	C:\Program Files\Java\jdk1.8.0_181\jre\bin\server\jvm.dll
0x00007fff64030000 - 0x00007fff64038000 	C:\WINDOWS\System32\PSAPI.DLL
0x00007fff4b1e0000 - 0x00007fff4b1e9000 	C:\WINDOWS\SYSTEM32\WSOCK32.dll
0x00007fff5b4b0000 - 0x00007fff5b4ba000 	C:\WINDOWS\SYSTEM32\VERSION.dll
0x00007fff5c240000 - 0x00007fff5c273000 	C:\WINDOWS\SYSTEM32\WINMM.dll
0x00007fff63760000 - 0x00007fff637cf000 	C:\WINDOWS\System32\WS2_32.dll
0x0000000069e80000 - 0x0000000069e8f000 	C:\Program Files\Java\jdk1.8.0_181\jre\bin\verify.dll
0x0000000069e50000 - 0x0000000069e79000 	C:\Program Files\Java\jdk1.8.0_181\jre\bin\java.dll
0x0000000069e00000 - 0x0000000069e23000 	C:\Program Files\Java\jdk1.8.0_181\jre\bin\instrument.dll
0x0000000069e30000 - 0x0000000069e46000 	C:\Program Files\Java\jdk1.8.0_181\jre\bin\zip.dll
0x00007fff63880000 - 0x00007fff6402e000 	C:\WINDOWS\System32\SHELL32.dll
0x00007fff5f6e0000 - 0x00007fff5ff47000 	C:\WINDOWS\SYSTEM32\windows.storage.dll
0x00007fff62a70000 - 0x00007fff62de8000 	C:\WINDOWS\System32\combase.dll
0x00007fff5f570000 - 0x00007fff5f6d6000 	C:\WINDOWS\SYSTEM32\wintypes.dll
0x00007fff62910000 - 0x00007fff629fa000 	C:\WINDOWS\System32\SHCORE.dll
0x00007fff62800000 - 0x00007fff6285d000 	C:\WINDOWS\System32\shlwapi.dll
0x00007fff614a0000 - 0x00007fff614c1000 	C:\WINDOWS\SYSTEM32\profapi.dll
0x00007fff5de40000 - 0x00007fff5de5a000 	D:\Program Files\JetBrains\IntelliJ IDEA 2021.2.2\bin\breakgen64.dll
0x0000000069de0000 - 0x0000000069dfa000 	C:\Program Files\Java\jdk1.8.0_181\jre\bin\net.dll
0x00007fff60aa0000 - 0x00007fff60b07000 	C:\WINDOWS\system32\mswsock.dll
0x0000000069dc0000 - 0x0000000069dd1000 	C:\Program Files\Java\jdk1.8.0_181\jre\bin\nio.dll
0x0000000069db0000 - 0x0000000069dbd000 	C:\Program Files\Java\jdk1.8.0_181\jre\bin\management.dll
0x00007fff4a960000 - 0x00007fff4a977000 	C:\WINDOWS\system32\napinsp.dll
0x00007fff4b4d0000 - 0x00007fff4b4eb000 	C:\WINDOWS\system32\pnrpnsp.dll
0x00007fff601d0000 - 0x00007fff602b7000 	C:\WINDOWS\SYSTEM32\DNSAPI.dll
0x00007fff601a0000 - 0x00007fff601cd000 	C:\WINDOWS\SYSTEM32\IPHLPAPI.DLL
0x00007fff63050000 - 0x00007fff63059000 	C:\WINDOWS\System32\NSI.dll
0x00007fff4a800000 - 0x00007fff4a812000 	C:\WINDOWS\System32\winrnr.dll
0x00007fff4a7e0000 - 0x00007fff4a7f5000 	C:\WINDOWS\system32\wshbth.dll
0x00007fff49ae0000 - 0x00007fff49aff000 	C:\WINDOWS\system32\nlansp_c.dll
0x00007fff59640000 - 0x00007fff5964a000 	C:\Windows\System32\rasadhlp.dll
0x00007fff59ae0000 - 0x00007fff59b61000 	C:\WINDOWS\System32\fwpuclnt.dll

VM Arguments:
jvm_args: -ea -Didea.test.cyclic.buffer.size=1048576 -javaagent:D:\Program Files\JetBrains\IntelliJ IDEA 2021.2.2\lib\idea_rt.jar=65369:D:\Program Files\JetBrains\IntelliJ IDEA 2021.2.2\bin -Dfile.encoding=UTF-8 
java_command: com.intellij.rt.junit.JUnitStarter -ideVersion5 -junit5 com.ch.admin.Boot05WebAdminApplicationTests,contextLoads
java_class_path (initial): C:\Users\CH\.m2\repository\org\junit\platform\junit-platform-launcher\1.8.2\junit-platform-launcher-1.8.2.jar;C:\Users\CH\.m2\repository\org\junit\platform\junit-platform-engine\1.8.2\junit-platform-engine-1.8.2.jar;C:\Users\CH\.m2\repository\org\opentest4j\opentest4j\1.2.0\opentest4j-1.2.0.jar;C:\Users\CH\.m2\repository\org\junit\platform\junit-platform-commons\1.8.2\junit-platform-commons-1.8.2.jar;C:\Users\CH\.m2\repository\org\apiguardian\apiguardian-api\1.1.2\apiguardian-api-1.1.2.jar;D:\Program Files\JetBrains\IntelliJ IDEA 2021.2.2\lib\idea_rt.jar;D:\Program Files\JetBrains\IntelliJ IDEA 2021.2.2\plugins\junit\lib\junit5-rt.jar;D:\Program Files\JetBrains\IntelliJ IDEA 2021.2.2\plugins\junit\lib\junit-rt.jar;C:\Program Files\Java\jdk1.8.0_181\jre\lib\charsets.jar;C:\Program Files\Java\jdk1.8.0_181\jre\lib\deploy.jar;C:\Program Files\Java\jdk1.8.0_181\jre\lib\ext\access-bridge-64.jar;C:\Program Files\Java\jdk1.8.0_181\jre\lib\ext\cldrdata.jar;C:\Program Files\Java\jdk1.8.0_181\jre\lib\ext\dnsns.jar;C:\Program Files\Java\jdk1.8.0_181\jre\lib\ext\jaccess.jar;C:\Program Files\Java\jdk1.8.0_181\jre\lib\ext\jfxrt.jar;C:\Program Files\Java\jdk1.8.0_181\jre\lib\ext\localedata.jar;C:\Program Files\Java\jdk1.8.0_181\jre\lib\ext\nashorn.jar;C:\Program Files\Java\jdk1.8.0_181\jre\lib\ext\sunec.jar;C:\Program Files\Java\jdk1.8.0_181\jre\lib\ext\sunjce_provider.jar;C:\Program Files\Java\jdk1.8.0_181\jre\lib\ext\sunmscapi.jar;C:\Program Files\Java\jdk1.8.0_181\jre\lib\ext\sunpkcs11.jar;C:\Program Files\Java\jdk1.8.0_181\jre\lib\ext\zipfs.jar;C:\Program Files\Java\jdk1.8.0_181\jre\lib\javaws.jar;C:\Program Files\Java\jdk1.8.0_181\jre\lib\jce.jar;C:\Program Files\Java\jdk1.8.0_181\jre\lib\jfr.jar;C:\Program Files\Java\jdk1.8.0_181\jre\lib\jfxswt.jar;C:\Program Files\Java\jdk1.8.0_181\jre\lib\jsse.jar;C:\Program Files\Java\jdk1.8.0_181\jre\lib\management-agent.jar;C:\Program Files\Java\jdk1.8.0_181\jre\lib\plugin.jar;C:\Program Files\Java\jdk1.8.0_1
Launcher Type: SUN_STANDARD

Environment Variables:
JAVA_HOME=C:\Program Files\Java\jdk1.8.0_181
CLASSPATH=.;C:\Program Files\Java\jdk1.8.0_181\lib\dt.jar;C:\Program Files\Java\jdk1.8.0_181\lib\tools.jar;
PATH=D:\Vm\bin\;C:\Program Files (x86)\Common Files\Oracle\Java\javapath;C:\Windows\system32;C:\Windows;C:\Windows\System32\Wbem;C:\Windows\System32\WindowsPowerShell\v1.0\;C:\Windows\System32\OpenSSH\;C:\Program Files (x86)\NVIDIA Corporation\PhysX\Common;C:\Program Files (x86)\Intel\Intel(R) Management Engine Components\DAL;C:\Program Files\Intel\Intel(R) Management Engine Components\DAL;C:\Program Files\Intel\WiFi\bin\;C:\Program Files\Common Files\Intel\WirelessCommon\;C:\WINDOWS\system32;C:\WINDOWS;C:\WINDOWS\System32\Wbem;C:\WINDOWS\System32\WindowsPowerShell\v1.0\;C:\WINDOWS\System32\OpenSSH\;C:\Program Files\Java\jdk1.8.0_181\bin;C:\Program Files\Java\jdk1.8.0_181\jre\bin;C:\Program Files\Git\cmd;E:\apache\maven\apache-maven-3.8.3-bin\apache-maven-3.8.3\bin;E:\apache\maven\apache-maven-3.8.3-bin\apache-maven-3.8.3\bin;E:\apache\apache-tomcat-8.5.73\lib;E:\apache\apache-tomcat-8.5.73\bin;E:\apache\apache-tomcat-8.5.73\lib\servlet-api.jar;C:\Program Files (x86)\Microsoft VS Code\bin;D:\Program Files (x86)\Android\android-sdk\platform-tools;D:\Program Files (x86)\Android\android-sdk\tools;C:\Users\CH\AppData\Local\Microsoft\WindowsApps;C:\Program Files\Intel\WiFi\bin\;C:\Program Files\Common Files\Intel\WirelessCommon\;d:\Program Files\JetBrains\IntelliJ IDEA 2021.2.2\bin;;d:\Users\CH\AppData\Local\Programs\Microsoft VS Code\bin;;c:\Program Files\JetBrains\PyCharm 2021.2.3\bin;
USERNAME=CH
OS=Windows_NT
PROCESSOR_IDENTIFIER=Intel64 Family 6 Model 158 Stepping 10, GenuineIntel



---------------  S Y S T E M  ---------------

OS: Windows 10.0 , 64 bit Build 22000 (10.0.22000.434)

CPU:total 12 (initial active 12) (6 cores per cpu, 2 threads per core) family 6 model 158 stepping 10, cmov, cx8, fxsr, mmx, sse, sse2, sse3, ssse3, sse4.1, sse4.2, popcnt, avx, avx2, aes, clmul, erms, 3dnowpref, lzcnt, ht, tsc, tscinvbit, bmi1, bmi2, adx

Memory: 4k page, physical 16620324k(1180004k free), swap 29676968k(6272k free)

vm_info: Java HotSpot(TM) 64-Bit Server VM (25.181-b13) for windows-amd64 JRE (1.8.0_181-b13), built on Jul  7 2018 04:01:33 by "java_re" with MS VC++ 10.0 (VS2010)

time: Wed Mar 09 11:36:06 2022
elapsed time: 1 seconds (0d 0h 0m 1s)

